<?xml version="1.0" encoding="UTF-8"?>
<testng-results ignored="0" total="1" passed="1" failed="0" skipped="0">
  <reporter-output>
  </reporter-output>
  <suite started-at="2023-06-05T07:21:00Z" name="Default suite" finished-at="2023-06-05T07:21:25Z" duration-ms="24141">
    <groups>
    </groups>
    <test started-at="2023-06-05T07:21:00Z" name="Default test" finished-at="2023-06-05T07:21:25Z" duration-ms="24141">
      <class name="TC.TC_logintest">
        <test-method is-config="true" signature="ReportSetup()[pri:0, instance:TC.TC_logintest@455b6df1]" started-at="2023-06-05T07:21:00Z" name="ReportSetup" finished-at="2023-06-05T07:21:01Z" duration-ms="260" status="PASS">
          <reporter-output>
          </reporter-output>
        </test-method> <!-- ReportSetup -->
        <test-method is-config="true" signature="setUp(java.lang.reflect.Method)[pri:0, instance:TC.TC_logintest@455b6df1]" started-at="2023-06-05T07:21:01Z" name="setUp" finished-at="2023-06-05T07:21:05Z" duration-ms="4136" status="PASS">
          <params>
            <param index="0">
              <value>
                <![CDATA[public void TC.TC_logintest.orderProduct() throws java.lang.InterruptedException]]>
              </value>
            </param>
          </params>
          <reporter-output>
          </reporter-output>
        </test-method> <!-- setUp -->
        <test-method signature="orderProduct()[pri:0, instance:TC.TC_logintest@455b6df1]" started-at="2023-06-05T07:21:05Z" name="orderProduct" finished-at="2023-06-05T07:21:24Z" duration-ms="19013" status="PASS">
          <reporter-output>
          </reporter-output>
        </test-method> <!-- orderProduct -->
        <test-method is-config="true" signature="TearDown()[pri:0, instance:TC.TC_logintest@455b6df1]" started-at="2023-06-05T07:21:24Z" name="TearDown" finished-at="2023-06-05T07:21:24Z" duration-ms="311" status="PASS">
          <reporter-output>
          </reporter-output>
        </test-method> <!-- TearDown -->
        <test-method is-config="true" signature="ReportClean()[pri:0, instance:TC.TC_logintest@455b6df1]" started-at="2023-06-05T07:21:24Z" name="ReportClean" finished-at="2023-06-05T07:21:25Z" duration-ms="398" status="PASS">
          <reporter-output>
          </reporter-output>
        </test-method> <!-- ReportClean -->
      </class> <!-- TC.TC_logintest -->
    </test> <!-- Default test -->
  </suite> <!-- Default suite -->
</testng-results>
